<?xml version="1.0" encoding="UTF-8"?>
<!-- Generated by org.testng.reporters.JUnitReportReporter -->
<testsuite hostname="DESKTOP-8OQVO87" name="TestCucu.TestNGforCucu" tests="1" failures="0" timestamp="7 Nov 2020 16:14:29 GMT" time="6.091" errors="0">
  <testcase name="f" time="6.091" classname="TestCucu.TestNGforCucu"/>
</testsuite> <!-- TestCucu.TestNGforCucu -->
